#
# A fatal error has been detected by the Java Runtime Environment:
#
#  EXCEPTION_ACCESS_VIOLATION (0xc0000005) at pc=0x000007fec9e0938d, pid=11728, tid=0x00000000000021b8
#
# JRE version: Java(TM) SE Runtime Environment (8.0_101-b13) (build 1.8.0_101-b13)
# Java VM: Java HotSpot(TM) 64-Bit Server VM (25.101-b13 mixed mode windows-amd64 compressed oops)
# Problematic frame:
# C  [ig9icd64.dll+0xd938d]
#
# Failed to write core dump. Minidumps are not enabled by default on client versions of Windows
#
# If you would like to submit a bug report, please visit:
#   http://bugreport.java.com/bugreport/crash.jsp
# The crash happened outside the Java Virtual Machine in native code.
# See problematic frame for where to report the bug.
#

---------------  T H R E A D  ---------------

Current thread (0x000000000213a800):  JavaThread "main" [_thread_in_native, id=8632, stack(0x00000000023f0000,0x00000000024f0000)]

siginfo: ExceptionCode=0xc0000005, reading address 0x0000000019b05000

Registers:
RAX=0x000000000000134a, RBX=0x00000000024edc80, RCX=0x0000000000000000, RDX=0x0000000019b04fc0
RSP=0x00000000024edbb0, RBP=0x00000000024edd10, RSI=0x000000001bcb8000, RDI=0x000000001bd52500
R8 =0x00000000000b0400, R9 =0x0000000000001608, R10=0x000000000000134a, R11=0x000000001ab748f4
R12=0x0000000000000000, R13=0x000000001ab60080, R14=0x00000000000000f0, R15=0x00000000024eddf0
RIP=0x000007fec9e0938d, EFLAGS=0x0000000000010207

Top of Stack: (sp=0x00000000024edbb0)
0x00000000024edbb0:   cafebabecafebabe 0000000000000000
0x00000000024edbc0:   0000000000000000 0000000000000000
0x00000000024edbd0:   0000000019a6ab40 000007feca1e3fcb
0x00000000024edbe0:   0000000000000000 000000001ab60001
0x00000000024edbf0:   40001b40400000c0 0000000000000000
0x00000000024edc00:   000000001bcb8000 000007feca1e5568
0x00000000024edc10:   00000000024edd10 0000000000000f00
0x00000000024edc20:   000007feca931020 000007feca7cbc01
0x00000000024edc30:   000000000000004c 0000000000000001
0x00000000024edc40:   0000000019a6ab40 0000000100000000
0x00000000024edc50:   0000000000000000 0000000000000000
0x00000000024edc60:   0000000000000000 0000000000000000
0x00000000024edc70:   000000001ab8ea60 00000000024edd20
0x00000000024edc80:   000007feca66c228 000000001ab60080
0x00000000024edc90:   000000bc000000f0 0000004c00000000
0x00000000024edca0:   00000f0000000010 0000000019a6ab40 

Instructions: (pc=0x000007fec9e0938d)
0x000007fec9e0936d:   00 00 00 66 0f 6f 3a 66 0f 6f 72 10 66 0f 6f 6a
0x000007fec9e0937d:   20 41 ff c2 48 83 ef 80 41 8b c2 66 0f 6f 62 30
0x000007fec9e0938d:   66 0f 6f 5a 40 66 0f 6f 52 50 66 0f 6f 4a 60 66
0x000007fec9e0939d:   0f 6f 42 70 66 0f e7 7f 80 48 83 ea 80 66 0f e7 


Register to memory mapping:

RAX=0x000000000000134a is an unknown value
RBX=0x00000000024edc80 is pointing into the stack for thread: 0x000000000213a800
RCX=0x0000000000000000 is an unknown value
RDX=0x0000000019b04fc0 is an unknown value
RSP=0x00000000024edbb0 is pointing into the stack for thread: 0x000000000213a800
RBP=0x00000000024edd10 is pointing into the stack for thread: 0x000000000213a800
RSI=0x000000001bcb8000 is an unknown value
RDI=0x000000001bd52500 is an unknown value
R8 =0x00000000000b0400 is an unknown value
R9 =0x0000000000001608 is an unknown value
R10=0x000000000000134a is an unknown value
R11=0x000000001ab748f4 is an unknown value
R12=0x0000000000000000 is an unknown value
R13=0x000000001ab60080 is an unknown value
R14=0x00000000000000f0 is an unknown value
R15=0x00000000024eddf0 is pointing into the stack for thread: 0x000000000213a800


Stack: [0x00000000023f0000,0x00000000024f0000],  sp=0x00000000024edbb0,  free space=1014k
Native frames: (J=compiled Java code, j=interpreted, Vv=VM code, C=native code)
C  [ig9icd64.dll+0xd938d]
C  [ig9icd64.dll+0x4b3fcb]
C  [ig9icd64.dll+0x4b5568]
C  [ig9icd64.dll+0x4b9196]
C  [ig9icd64.dll+0x2f1d8f]
C  [ig9icd64.dll+0x2f1aa7]
C  [ig9icd64.dll+0x96321]
C  [ig9icd64.dll+0x9ef7c]
C  [ig9icd64.dll+0xa8024]
C  [lwjgl.dll+0x498d]
C  0x00000000027d7f54

Java frames: (J=compiled Java code, j=interpreted, Vv=VM code)
j  org.lwjgl.system.JNI.callPV(JIIIIIIIIJ)V+0
j  org.lwjgl.opengl.GL11.nglTexImage2D(IIIIIIIIJ)V+24
j  org.lwjgl.opengl.GL11.glTexImage2D(IIIIIIIILjava/nio/IntBuffer;)V+17
j  Game.start()V+789
j  Game.main([Ljava/lang/String;)V+7
v  ~StubRoutines::call_stub
j  sun.reflect.NativeMethodAccessorImpl.invoke0(Ljava/lang/reflect/Method;Ljava/lang/Object;[Ljava/lang/Object;)Ljava/lang/Object;+0
j  sun.reflect.NativeMethodAccessorImpl.invoke(Ljava/lang/Object;[Ljava/lang/Object;)Ljava/lang/Object;+100
j  sun.reflect.DelegatingMethodAccessorImpl.invoke(Ljava/lang/Object;[Ljava/lang/Object;)Ljava/lang/Object;+6
j  java.lang.reflect.Method.invoke(Ljava/lang/Object;[Ljava/lang/Object;)Ljava/lang/Object;+56
j  com.intellij.rt.execution.application.AppMain.main([Ljava/lang/String;)V+170
v  ~StubRoutines::call_stub

---------------  P R O C E S S  ---------------

Java Threads: ( => current thread )
  0x00000000198c9800 JavaThread "Java2D Disposer" daemon [_thread_blocked, id=2956, stack(0x000000001dee0000,0x000000001dfe0000)]
  0x000000001945b800 JavaThread "Monitor Ctrl-Break" daemon [_thread_in_native, id=2696, stack(0x0000000019de0000,0x0000000019ee0000)]
  0x000000001871b000 JavaThread "Service Thread" daemon [_thread_blocked, id=9472, stack(0x0000000018a90000,0x0000000018b90000)]
  0x0000000018694800 JavaThread "C1 CompilerThread2" daemon [_thread_blocked, id=10088, stack(0x00000000192e0000,0x00000000193e0000)]
  0x0000000018689800 JavaThread "C2 CompilerThread1" daemon [_thread_blocked, id=11200, stack(0x0000000019190000,0x0000000019290000)]
  0x0000000018677000 JavaThread "C2 CompilerThread0" daemon [_thread_blocked, id=14916, stack(0x0000000018fa0000,0x00000000190a0000)]
  0x0000000018673800 JavaThread "Attach Listener" daemon [_thread_blocked, id=14036, stack(0x0000000018d40000,0x0000000018e40000)]
  0x0000000018672800 JavaThread "Signal Dispatcher" daemon [_thread_blocked, id=14780, stack(0x0000000018ba0000,0x0000000018ca0000)]
  0x00000000173e3800 JavaThread "Finalizer" daemon [_thread_blocked, id=8860, stack(0x0000000018570000,0x0000000018670000)]
  0x000000001739d000 JavaThread "Reference Handler" daemon [_thread_blocked, id=6248, stack(0x0000000018260000,0x0000000018360000)]
=>0x000000000213a800 JavaThread "main" [_thread_in_native, id=8632, stack(0x00000000023f0000,0x00000000024f0000)]

Other Threads:
  0x0000000017391800 VMThread [stack: 0x0000000018380000,0x0000000018480000] [id=1352]
  0x000000001873a800 WatcherThread [stack: 0x0000000018e80000,0x0000000018f80000] [id=6264]

VM state:not at safepoint (normal execution)

VM Mutex/Monitor currently owned by a thread: None

Heap:
 PSYoungGen      total 36864K, used 14807K [0x00000000d7180000, 0x00000000d9a80000, 0x0000000100000000)
  eden space 31744K, 46% used [0x00000000d7180000,0x00000000d7ff5e00,0x00000000d9080000)
  from space 5120K, 0% used [0x00000000d9580000,0x00000000d9580000,0x00000000d9a80000)
  to   space 5120K, 0% used [0x00000000d9080000,0x00000000d9080000,0x00000000d9580000)
 ParOldGen       total 84992K, used 0K [0x0000000085400000, 0x000000008a700000, 0x00000000d7180000)
  object space 84992K, 0% used [0x0000000085400000,0x0000000085400000,0x000000008a700000)
 Metaspace       used 8849K, capacity 9023K, committed 9088K, reserved 1056768K
  class space    used 795K, capacity 863K, committed 896K, reserved 1048576K

Card table byte_map: [0x0000000011b80000,0x0000000011f60000] byte_map_base: 0x0000000011756000

Marking Bits: (ParMarkBitMap*) 0x000000007020a6d0
 Begin Bits: [0x00000000128c0000, 0x0000000014770000)
 End Bits:   [0x0000000014770000, 0x0000000016620000)

Polling page: 0x0000000000130000

CodeCache: size=245760Kb used=2635Kb max_used=2650Kb free=243124Kb
 bounds [0x00000000027c0000, 0x0000000002a60000, 0x00000000117c0000]
 total_blobs=1353 nmethods=542 adapters=724
 compilation: enabled

Compilation events (10 events):
Event: 0.857 Thread 0x0000000018677000 nmethod 543 0x0000000002a4f450 code [0x0000000002a4f580, 0x0000000002a4f618]
Event: 0.857 Thread 0x0000000018689800 nmethod 538 0x0000000002a579d0 code [0x0000000002a57b20, 0x0000000002a57e98]
Event: 0.857 Thread 0x0000000018677000  539       4       java.awt.image.BufferedImage::getWidth (8 bytes)
Event: 0.857 Thread 0x0000000018689800  540       4       java.nio.DirectIntBufferU::put (17 bytes)
Event: 0.858 Thread 0x0000000018677000 nmethod 539 0x0000000002a4dd50 code [0x0000000002a4de80, 0x0000000002a4def8]
Event: 0.858 Thread 0x0000000018677000  541       4       java.awt.image.BufferedImage::getRGB (18 bytes)
Event: 0.858 Thread 0x0000000018689800 nmethod 540 0x0000000002a4dad0 code [0x0000000002a4dc00, 0x0000000002a4dcb8]
Event: 0.858 Thread 0x0000000018689800  542       4       java.awt.image.ComponentColorModel::getRGB (161 bytes)
Event: 0.861 Thread 0x0000000018689800 nmethod 542 0x0000000002a55a10 code [0x0000000002a55b80, 0x0000000002a55d88]
Event: 0.864 Thread 0x0000000018677000 nmethod 541 0x0000000002a56b90 code [0x0000000002a56d20, 0x0000000002a57248]

GC Heap History (0 events):
No events

Deoptimization events (1 events):
Event: 0.230 Thread 0x000000000213a800 Uncommon trap: reason=unstable_if action=reinterpret pc=0x00000000028ddbf8 method=java.lang.String.hashCode()I @ 14

Internal exceptions (10 events):
Event: 0.045 Thread 0x000000000213a800 Exception <a 'java/lang/NoSuchMethodError': Method sun.misc.Unsafe.prefetchRead(Ljava/lang/Object;J)V name or signature does not match> (0x00000000d7187fa8) thrown at [C:\re\workspace\8-2-build-windows-amd64-cygwin\jdk8u101\7261\hotspot\src\share\vm\prims\?kºÏ—?
Event: 0.280 Thread 0x000000000213a800 Exception <a 'java/security/PrivilegedActionException'> (0x00000000d7584200) thrown at [C:\re\workspace\8-2-build-windows-amd64-cygwin\jdk8u101\7261\hotspot\src\share\vm\prims\jvm.cpp, line 1386]
Event: 0.280 Thread 0x000000000213a800 Exception <a 'java/security/PrivilegedActionException'> (0x00000000d7584410) thrown at [C:\re\workspace\8-2-build-windows-amd64-cygwin\jdk8u101\7261\hotspot\src\share\vm\prims\jvm.cpp, line 1386]
Event: 0.281 Thread 0x000000000213a800 Exception <a 'java/security/PrivilegedActionException'> (0x00000000d75882f8) thrown at [C:\re\workspace\8-2-build-windows-amd64-cygwin\jdk8u101\7261\hotspot\src\share\vm\prims\jvm.cpp, line 1386]
Event: 0.281 Thread 0x000000000213a800 Exception <a 'java/security/PrivilegedActionException'> (0x00000000d7588508) thrown at [C:\re\workspace\8-2-build-windows-amd64-cygwin\jdk8u101\7261\hotspot\src\share\vm\prims\jvm.cpp, line 1386]
Event: 0.322 Thread 0x000000000213a800 Exception <a 'java/lang/NoSuchFieldError': method resolution failed> (0x00000000d76706d8) thrown at [C:\re\workspace\8-2-build-windows-amd64-cygwin\jdk8u101\7261\hotspot\src\share\vm\prims\methodHandles.cpp, line 1146]
Event: 0.323 Thread 0x000000000213a800 Exception <a 'java/lang/NoSuchFieldError': method resolution failed> (0x00000000d767dfa8) thrown at [C:\re\workspace\8-2-build-windows-amd64-cygwin\jdk8u101\7261\hotspot\src\share\vm\prims\methodHandles.cpp, line 1146]
Event: 0.561 Thread 0x000000000213a800 Exception <a 'sun/nio/fs/WindowsException'> (0x00000000d784dd18) thrown at [C:\re\workspace\8-2-build-windows-amd64-cygwin\jdk8u101\7261\hotspot\src\share\vm\prims\jni.cpp, line 709]
Event: 0.561 Thread 0x000000000213a800 Exception <a 'sun/nio/fs/WindowsException'> (0x00000000d784ef88) thrown at [C:\re\workspace\8-2-build-windows-amd64-cygwin\jdk8u101\7261\hotspot\src\share\vm\prims\jni.cpp, line 709]
Event: 0.810 Thread 0x000000000213a800 Exception <a 'java/io/FileNotFoundException'> (0x00000000d7e24850) thrown at [C:\re\workspace\8-2-build-windows-amd64-cygwin\jdk8u101\7261\hotspot\src\share\vm\prims\jni.cpp, line 709]

Events (10 events):
Event: 0.842 loading class sun/awt/image/IntegerComponentRaster
Event: 0.842 loading class sun/awt/image/IntegerComponentRaster done
Event: 0.842 loading class java/awt/image/IndexColorModel
Event: 0.842 loading class java/awt/image/IndexColorModel done
Event: 0.842 loading class sun/awt/image/ShortComponentRaster
Event: 0.842 loading class sun/awt/image/ShortComponentRaster done
Event: 0.842 loading class com/sun/imageio/plugins/common/ReaderUtil
Event: 0.842 loading class com/sun/imageio/plugins/common/ReaderUtil done
Event: 0.848 loading class java/io/RandomAccessFile$1
Event: 0.848 loading class java/io/RandomAccessFile$1 done


Dynamic libraries:
0x000000013f0c0000 - 0x000000013f0f7000 	C:\Program Files\Java\jdk1.8.0_101\bin\java.exe
0x0000000077140000 - 0x00000000772ea000 	C:\windows\SYSTEM32\ntdll.dll
0x0000000077020000 - 0x000000007713f000 	C:\windows\system32\kernel32.dll
0x000007fefd060000 - 0x000007fefd0ca000 	C:\windows\system32\KERNELBASE.dll
0x000007fefee20000 - 0x000007fefeefb000 	C:\windows\system32\ADVAPI32.dll
0x000007fefdbf0000 - 0x000007fefdc8f000 	C:\windows\system32\msvcrt.dll
0x000007fefd920000 - 0x000007fefd93f000 	C:\windows\SYSTEM32\sechost.dll
0x000007fefef80000 - 0x000007feff0ad000 	C:\windows\system32\RPCRT4.dll
0x0000000076f20000 - 0x000000007701a000 	C:\windows\system32\USER32.dll
0x000007fefdde0000 - 0x000007fefde47000 	C:\windows\system32\GDI32.dll
0x000007fefdb90000 - 0x000007fefdb9e000 	C:\windows\system32\LPK.dll
0x000007fefdd10000 - 0x000007fefddda000 	C:\windows\system32\USP10.dll
0x000007fef7320000 - 0x000007fef7514000 	C:\windows\WinSxS\amd64_microsoft.windows.common-controls_6595b64144ccf1df_6.0.7601.18837_none_fa3b1e3d17594757\COMCTL32.dll
0x000007fefdc90000 - 0x000007fefdd01000 	C:\windows\system32\SHLWAPI.dll
0x000007feff420000 - 0x000007feff44e000 	C:\windows\system32\IMM32.DLL
0x000007fefd9a0000 - 0x000007fefdaa9000 	C:\windows\system32\MSCTF.dll
0x0000000053a80000 - 0x0000000053b52000 	C:\Program Files\Java\jdk1.8.0_101\jre\bin\msvcr100.dll
0x000000006f9f0000 - 0x000000007028a000 	C:\Program Files\Java\jdk1.8.0_101\jre\bin\server\jvm.dll
0x000007fef2000000 - 0x000007fef2009000 	C:\windows\system32\WSOCK32.dll
0x000007fefdba0000 - 0x000007fefdbed000 	C:\windows\system32\WS2_32.dll
0x000007fefee10000 - 0x000007fefee18000 	C:\windows\system32\NSI.dll
0x000007fef43f0000 - 0x000007fef442b000 	C:\windows\system32\WINMM.dll
0x000007fefc030000 - 0x000007fefc03c000 	C:\windows\system32\VERSION.dll
0x0000000077310000 - 0x0000000077317000 	C:\windows\system32\PSAPI.DLL
0x0000000071420000 - 0x000000007142f000 	C:\Program Files\Java\jdk1.8.0_101\jre\bin\verify.dll
0x00000000713e0000 - 0x0000000071409000 	C:\Program Files\Java\jdk1.8.0_101\jre\bin\java.dll
0x0000000071370000 - 0x0000000071386000 	C:\Program Files\Java\jdk1.8.0_101\jre\bin\zip.dll
0x000007fefde50000 - 0x000007fefebd9000 	C:\windows\system32\SHELL32.dll
0x000007fefebe0000 - 0x000007fefede3000 	C:\windows\system32\ole32.dll
0x000007fefce80000 - 0x000007fefce8f000 	C:\windows\system32\profapi.dll
0x000007fef30f0000 - 0x000007fef3100000 	C:\Program Files (x86)\JetBrains\IntelliJ IDEA Community Edition 2016.2.2\bin\breakgen64.dll
0x0000000071350000 - 0x000000007136a000 	C:\Program Files\Java\jdk1.8.0_101\jre\bin\net.dll
0x000007fefc650000 - 0x000007fefc6a5000 	C:\windows\system32\mswsock.dll
0x000007fefc640000 - 0x000007fefc647000 	C:\windows\System32\wship6.dll
0x00000000712a0000 - 0x00000000712b1000 	C:\Program Files\Java\jdk1.8.0_101\jre\bin\nio.dll
0x000007fed20c0000 - 0x000007fed2115000 	C:\Users\ryan_comer\AppData\Local\Temp\lwjglRyan_Comer\3.1.0-build-40\lwjgl.dll
0x000007fef1bf0000 - 0x000007fef1bf3000 	C:\windows\system32\api-ms-win-core-synch-l1-2-0.DLL
0x000007fef1e20000 - 0x000007fef1e5c000 	C:\Users\RYAN_C~1\AppData\Local\Temp\lwjglRyan_Comer\3.1.0-build-40\glfw.dll
0x000007fef72c0000 - 0x000007fef7316000 	C:\windows\system32\uxtheme.dll
0x000007fee8fd0000 - 0x000007fee900c000 	C:\windows\system32\dinput8.dll
0x000007fef1de0000 - 0x000007fef1dec000 	C:\windows\system32\xinput9_1_0.dll
0x000007fefd740000 - 0x000007fefd917000 	C:\windows\system32\SETUPAPI.dll
0x000007fefd0f0000 - 0x000007fefd126000 	C:\windows\system32\CFGMGR32.dll
0x000007fefdab0000 - 0x000007fefdb8a000 	C:\windows\system32\OLEAUT32.dll
0x000007fefcec0000 - 0x000007fefceda000 	C:\windows\system32\DEVOBJ.dll
0x000007fef6d60000 - 0x000007fef6d78000 	C:\windows\system32\dwmapi.dll
0x000007fef6f00000 - 0x000007fef6f0b000 	C:\windows\system32\HID.DLL
0x000007fefd1d0000 - 0x000007fefd20b000 	C:\windows\system32\WINTRUST.dll
0x000007fefcef0000 - 0x000007fefd05d000 	C:\windows\system32\CRYPT32.dll
0x000007fefce70000 - 0x000007fefce7f000 	C:\windows\system32\MSASN1.dll
0x000007fede660000 - 0x000007fede77d000 	C:\windows\system32\opengl32.dll
0x000007fedf1b0000 - 0x000007fedf1dd000 	C:\windows\system32\GLU32.dll
0x000007fede560000 - 0x000007fede651000 	C:\windows\system32\DDRAW.dll
0x000007fedf1a0000 - 0x000007fedf1a8000 	C:\windows\system32\DCIMAN32.dll
0x000007fec9d30000 - 0x000007fecaa2a000 	C:\windows\system32\ig9icd64.dll
0x000007fed2e60000 - 0x000007fed3ccd000 	C:\windows\system32\igc64.dll
0x000007fefbd10000 - 0x000007fefbd21000 	C:\windows\system32\WTSAPI32.dll
0x000007fefc1f0000 - 0x000007fefc22d000 	C:\windows\system32\WINSTA.dll
0x000007fefcd10000 - 0x000007fefcd1f000 	C:\windows\system32\CRYPTBASE.dll
0x000007fed21a0000 - 0x000007fed21db000 	C:\Users\RYAN_C~1\AppData\Local\Temp\lwjglRyan_Comer\3.1.0-build-40\jemalloc.dll
0x0000000077940000 - 0x0000000077ad8000 	C:\Program Files\Java\jdk1.8.0_101\jre\bin\awt.dll
0x000007fefbe90000 - 0x000007fefbfb5000 	C:\windows\system32\dbghelp.dll

VM Arguments:
jvm_args: -Djava.library.path=./libs/ -Didea.launcher.port=7542 -Didea.launcher.bin.path=C:\Program Files (x86)\JetBrains\IntelliJ IDEA Community Edition 2016.2.2\bin -Dfile.encoding=UTF-8 
java_command: com.intellij.rt.execution.application.AppMain Game
java_class_path (initial): C:\Program Files\Java\jdk1.8.0_101\jre\lib\charsets.jar;C:\Program Files\Java\jdk1.8.0_101\jre\lib\deploy.jar;C:\Program Files\Java\jdk1.8.0_101\jre\lib\ext\access-bridge-64.jar;C:\Program Files\Java\jdk1.8.0_101\jre\lib\ext\cldrdata.jar;C:\Program Files\Java\jdk1.8.0_101\jre\lib\ext\dnsns.jar;C:\Program Files\Java\jdk1.8.0_101\jre\lib\ext\jaccess.jar;C:\Program Files\Java\jdk1.8.0_101\jre\lib\ext\jfxrt.jar;C:\Program Files\Java\jdk1.8.0_101\jre\lib\ext\localedata.jar;C:\Program Files\Java\jdk1.8.0_101\jre\lib\ext\nashorn.jar;C:\Program Files\Java\jdk1.8.0_101\jre\lib\ext\sunec.jar;C:\Program Files\Java\jdk1.8.0_101\jre\lib\ext\sunjce_provider.jar;C:\Program Files\Java\jdk1.8.0_101\jre\lib\ext\sunmscapi.jar;C:\Program Files\Java\jdk1.8.0_101\jre\lib\ext\sunpkcs11.jar;C:\Program Files\Java\jdk1.8.0_101\jre\lib\ext\zipfs.jar;C:\Program Files\Java\jdk1.8.0_101\jre\lib\javaws.jar;C:\Program Files\Java\jdk1.8.0_101\jre\lib\jce.jar;C:\Program Files\Java\jdk1.8.0_101\jre\lib\jfr.jar;C:\Program Files\Java\jdk1.8.0_101\jre\lib\jfxswt.jar;C:\Program Files\Java\jdk1.8.0_101\jre\lib\jsse.jar;C:\Program Files\Java\jdk1.8.0_101\jre\lib\management-agent.jar;C:\Program Files\Java\jdk1.8.0_101\jre\lib\plugin.jar;C:\Program Files\Java\jdk1.8.0_101\jre\lib\resources.jar;C:\Program Files\Java\jdk1.8.0_101\jre\lib\rt.jar;C:\Users\ryan_comer\Desktop\FireEmblem\out\production\FireEmblem;C:\Users\ryan_comer\Desktop\lwjgl-release-3.1.0-custom\lwjgl.jar;C:\Users\ryan_comer\Desktop\lwjgl-release-3.1.0-custom\lwjgl-egl.jar;C:\Users\ryan_comer\Desktop\lwjgl-release-3.1.0-custom\lwjgl-nfd.jar;C:\Users\ryan_comer\Desktop\lwjgl-release-3.1.0-custom\lwjgl-ovr.jar;C:\Users\ryan_comer\Desktop\lwjgl-release-3.1.0-custom\lwjgl-par.jar;C:\Users\ryan_comer\Desktop\lwjgl-release-3.1.0-custom\lwjgl-sse.jar;C:\Users\ryan_comer\Desktop\lwjgl-release-3.1.0-custom\lwjgl-stb.jar;C:\Users\ryan_comer\Desktop\lwjgl-release-3.1.0-custom\lwjgl-bgfx.jar;C:\Users\ryan_comer\Desktop\lwjgl-r
Launcher Type: SUN_STANDARD

Environment Variables:
PATH=C:\ProgramData\Oracle\Java\javapath;C:\windows\system32;C:\windows;C:\windows\System32\Wbem;C:\windows\System32\WindowsPowerShell\v1.0\;C:\windows\System32\WindowsPowerShell\v1.0\;C:\windows\CCM;C:\Program Files\Dell\Dell Data Protection\Encryption\;C:\Go\bin;C:\Program Files (x86)\Skype\Phone\;C:\Program Files\1E\NomadBranch\;C:\Users\ryan_comer\AppData\Local\Continuum\Anaconda3;C:\Users\ryan_comer\AppData\Local\Continuum\Anaconda3\Scripts;C:\Users\ryan_comer\AppData\Local\Continuum\Anaconda3\Library\bin;C:\Program Files (x86)\Vim\vim74;C:\Users\ryan_comer\AppData\Local\Programs\Git\cmd;C:\Go\bin;C:\Program Files\Java\jdk1.8.0_101\bin;
USERNAME=Ryan_Comer
OS=Windows_NT
PROCESSOR_IDENTIFIER=Intel64 Family 6 Model 78 Stepping 3, GenuineIntel



---------------  S Y S T E M  ---------------

OS: Windows 7 , 64 bit Build 7601 (6.1.7601.23543)

CPU:total 4 (2 cores per cpu, 2 threads per core) family 6 model 78 stepping 3, cmov, cx8, fxsr, mmx, sse, sse2, sse3, ssse3, sse4.1, sse4.2, popcnt, avx, avx2, aes, clmul, erms, rtm, 3dnowpref, lzcnt, ht, tsc, tscinvbit, bmi1, bmi2, adx

Memory: 4k page, physical 8042612k(1066488k free), swap 16083364k(3903548k free)

vm_info: Java HotSpot(TM) 64-Bit Server VM (25.101-b13) for windows-amd64 JRE (1.8.0_101-b13), built on Jun 22 2016 01:21:29 by "java_re" with MS VC++ 10.0 (VS2010)

time: Tue Dec 20 19:47:36 2016
elapsed time: 0 seconds (0d 0h 0m 0s)

